# JRE version: OpenJDK Runtime Environment (17.0.6) (build 17.0.6+0-17.0.6b829.9-10027231)
# Java VM: OpenJDK 64-Bit Server VM (17.0.6+0-17.0.6b829.9-10027231, mixed mode, tiered, compressed oops, compressed class ptrs, g1 gc, bsd-aarch64)
GC Precious Log:
 CPUs: 8 total, 8 available
 Memory: 8192M
 Large Page Support: Disabled
 NUMA Support: Disabled
 Compressed Oops: Enabled (Zero based)
 Heap Region Size: 1M
 Heap Min Capacity: 8M
 Heap Initial Capacity: 128M
 Heap Max Capacity: 512M
 Pre-touch: Disabled
 Parallel Workers: 8
 Concurrent Workers: 2
 Concurrent Refinement Workers: 8
 Periodic GC: Disabled
Heap:
 garbage-first heap   total 58368K, used 38598K [0x00000007e0000000, 0x0000000800000000)
  region size 1024K, 26 young (26624K), 3 survivors (3072K)
 Metaspace       used 27562K, committed 27840K, reserved 1081344K
  class space    used 3618K, committed 3776K, reserved 1048576K
GC Heap History (9 events):
Event: 0.407 GC heap before
{Heap before GC invocations=0 (full 0):
 garbage-first heap   total 131072K, used 26624K [0x00000007e0000000, 0x0000000800000000)
  region size 1024K, 23 young (23552K), 0 survivors (0K)
 Metaspace       used 12679K, committed 12864K, reserved 1064960K
  class space    used 1479K, committed 1600K, reserved 1048576K
}
Event: 0.413 GC heap after
{Heap after GC invocations=1 (full 0):
 garbage-first heap   total 131072K, used 12613K [0x00000007e0000000, 0x0000000800000000)
  region size 1024K, 3 young (3072K), 3 survivors (3072K)
 Metaspace       used 12679K, committed 12864K, reserved 1064960K
  class space    used 1479K, committed 1600K, reserved 1048576K
}
Event: 0.765 GC heap before
{Heap before GC invocations=1 (full 0):
 garbage-first heap   total 131072K, used 35141K [0x00000007e0000000, 0x0000000800000000)
  region size 1024K, 24 young (24576K), 3 survivors (3072K)
 Metaspace       used 17600K, committed 17792K, reserved 1064960K
  class space    used 2033K, committed 2112K, reserved 1048576K
}
Event: 0.767 GC heap after
{Heap after GC invocations=2 (full 0):
 garbage-first heap   total 131072K, used 13686K [0x00000007e0000000, 0x0000000800000000)
  region size 1024K, 1 young (1024K), 1 survivors (1024K)
 Metaspace       used 17600K, committed 17792K, reserved 1064960K
  class space    used 2033K, committed 2112K, reserved 1048576K
}
Event: 0.934 GC heap before
{Heap before GC invocations=2 (full 0):
 garbage-first heap   total 131072K, used 54646K [0x00000007e0000000, 0x0000000800000000)
  region size 1024K, 42 young (43008K), 1 survivors (1024K)
 Metaspace       used 21372K, committed 21504K, reserved 1073152K
  class space    used 2543K, committed 2624K, reserved 1048576K
}
Event: 0.936 GC heap after
{Heap after GC invocations=3 (full 0):
 garbage-first heap   total 131072K, used 14855K [0x00000007e0000000, 0x0000000800000000)
  region size 1024K, 3 young (3072K), 3 survivors (3072K)
 Metaspace       used 21372K, committed 21504K, reserved 1073152K
  class space    used 2543K, committed 2624K, reserved 1048576K
}
Event: 1.159 GC heap before
{Heap before GC invocations=4 (full 0):
 garbage-first heap   total 58368K, used 45575K [0x00000007e0000000, 0x0000000800000000)
  region size 1024K, 34 young (34816K), 3 survivors (3072K)
 Metaspace       used 25709K, committed 25856K, reserved 1073152K
  class space    used 3317K, committed 3392K, reserved 1048576K
}
Event: 1.161 GC heap after
{Heap after GC invocations=5 (full 0):
 garbage-first heap   total 58368K, used 15046K [0x00000007e0000000, 0x0000000800000000)
  region size 1024K, 3 young (3072K), 3 survivors (3072K)
 Metaspace       used 25709K, committed 25856K, reserved 1073152K
  class space    used 3317K, committed 3392K, reserved 1048576K
}
Event: 18.862 GC heap before
{Heap before GC invocations=5 (full 0):
 garbage-first heap   total 58368K, used 37574K [0x00000007e0000000, 0x0000000800000000)
  region size 1024K, 26 young (26624K), 3 survivors (3072K)
 Metaspace       used 27562K, committed 27840K, reserved 1081344K
  class space    used 3618K, committed 3776K, reserved 1048576K
}

